\BOOKMARK [0][-]{chapter.1}{Introdu\347\343o}{}% 1
\BOOKMARK [1][-]{section.1.1}{Sobre a Empresa}{chapter.1}% 2
\BOOKMARK [1][-]{section.1.2}{Sobre o Processo Seletivo}{chapter.1}% 3
\BOOKMARK [1][-]{section.1.3}{Apresenta\347\343o da monografia}{chapter.1}% 4
\BOOKMARK [0][-]{chapter.2}{Planejamento do Trabalho}{}% 5
\BOOKMARK [1][-]{section.2.1}{Atividades planejadas para o est\341gio}{chapter.2}% 6
\BOOKMARK [1][-]{section.2.2}{Treinamentos planejados para o est\341gio}{chapter.2}% 7
\BOOKMARK [0][-]{chapter.3}{Desenvolvimento do Trabalho}{}% 8
\BOOKMARK [1][-]{section.3.1}{Atividades Realizadas}{chapter.3}% 9
\BOOKMARK [2][-]{subsection.3.1.1}{NapPy}{section.3.1}% 10
\BOOKMARK [2][-]{subsection.3.1.2}{Refatora\347\343o do NapPy}{section.3.1}% 11
\BOOKMARK [3][-]{subsubsection.3.1.2.1}{Otimiza\347\343o}{subsection.3.1.2}% 12
\BOOKMARK [3][-]{subsubsection.3.1.2.2}{Utiliza\347\343o do servi\347o de labels}{subsection.3.1.2}% 13
\BOOKMARK [1][-]{section.3.2}{Problemas resolvidos}{chapter.3}% 14
\BOOKMARK [1][-]{section.3.3}{T\351cnicas, m\351todos e tecnologias envolvidas}{chapter.3}% 15
\BOOKMARK [2][-]{subsection.3.3.1}{MongoDB}{section.3.3}% 16
\BOOKMARK [2][-]{subsection.3.3.2}{Python}{section.3.3}% 17
\BOOKMARK [3][-]{subsubsection.3.3.2.1}{PyMongo}{subsection.3.3.2}% 18
\BOOKMARK [3][-]{subsubsection.3.3.2.2}{MongoEngine}{subsection.3.3.2}% 19
\BOOKMARK [3][-]{subsubsection.3.3.2.3}{googleads-python-lib}{subsection.3.3.2}% 20
\BOOKMARK [2][-]{subsection.3.3.3}{Google AdWords API}{section.3.3}% 21
\BOOKMARK [2][-]{subsection.3.3.4}{Test Driven Development}{section.3.3}% 22
\BOOKMARK [1][-]{section.3.4}{Impacto}{chapter.3}% 23
\BOOKMARK [1][-]{section.3.5}{Problemas n\343o resolvidos}{chapter.3}% 24
\BOOKMARK [0][-]{chapter.4}{Conclus\343o}{}% 25
\BOOKMARK [1][-]{section.4.1}{Benef\355cios para o crescimento profissional}{chapter.4}% 26
\BOOKMARK [1][-]{section.4.2}{Considera\347\365es sobre o curso de gradua\347\343o}{chapter.4}% 27
\BOOKMARK [1][-]{section.4.3}{Sugest\365es para o curso de gradua\347\343o}{chapter.4}% 28
\BOOKMARK [1][-]{section.4.4}{Planos para o futuro}{chapter.4}% 29
\BOOKMARK [0][-]{chapter*.3}{Refer\352ncias}{}% 30
